<?xml version="1.0" encoding="UTF-8"?>
<!-- Generated by org.testng.reporters.JUnitReportReporter -->
<testsuite hostname="DESKTOP-3GBBP6P" failures="0" tests="1" name="Package.demo" time="15.717" errors="0" timestamp="2024-02-26T12:19:15 IST" skipped="0">
  <testcase classname="Package.demo" name="test" time="15.717"/>
  <system-out/>
</testsuite> <!-- Package.demo -->
